[0.014s] Invoking command in '/home/mich/School/702ENPM/enpm702_fall2024/ros702_ws/build/first_package': CMAKE_PREFIX_PATH=${CMAKE_PREFIX_PATH}:/opt/ros/humble /usr/bin/cmake --build /home/mich/School/702ENPM/enpm702_fall2024/ros702_ws/build/first_package -- -j8 -l8
[0.041s] -- Found ament_cmake: 1.3.10 (/opt/ros/humble/share/ament_cmake/cmake)
[0.176s] -- Found rclcpp: 16.0.10 (/opt/ros/humble/share/rclcpp/cmake)
[0.213s] -- Found rosidl_generator_c: 3.1.5 (/opt/ros/humble/share/rosidl_generator_c/cmake)
[0.215s] -- Found rosidl_adapter: 3.1.5 (/opt/ros/humble/share/rosidl_adapter/cmake)
[0.223s] -- Found rosidl_generator_cpp: 3.1.5 (/opt/ros/humble/share/rosidl_generator_cpp/cmake)
[0.234s] -- Using all available rosidl_typesupport_c: rosidl_typesupport_fastrtps_c;rosidl_typesupport_introspection_c
[0.250s] -- Using all available rosidl_typesupport_cpp: rosidl_typesupport_fastrtps_cpp;rosidl_typesupport_introspection_cpp
[0.288s] -- Found rmw_implementation_cmake: 6.1.2 (/opt/ros/humble/share/rmw_implementation_cmake/cmake)
[0.290s] -- Found rmw_fastrtps_cpp: 6.2.7 (/opt/ros/humble/share/rmw_fastrtps_cpp/cmake)
[0.479s] -- Using RMW implementation 'rmw_fastrtps_cpp' as default
[0.625s] -- Configuring done
[0.638s] -- Generating done
[0.641s] -- Build files have been written to: /home/mich/School/702ENPM/enpm702_fall2024/ros702_ws/build/first_package
[0.668s] [35m[1mConsolidate compiler generated dependencies of target hello[0m
[0.687s] [ 66%] [32mBuilding CXX object CMakeFiles/hello.dir/src/main.cpp.o[0m
[0.687s] [ 66%] [32mBuilding CXX object CMakeFiles/hello.dir/src/first_node.cpp.o[0m
[3.775s] [100%] [32m[1mLinking CXX executable hello[0m
[3.899s] [100%] Built target hello
[3.911s] Invoked command in '/home/mich/School/702ENPM/enpm702_fall2024/ros702_ws/build/first_package' returned '0': CMAKE_PREFIX_PATH=${CMAKE_PREFIX_PATH}:/opt/ros/humble /usr/bin/cmake --build /home/mich/School/702ENPM/enpm702_fall2024/ros702_ws/build/first_package -- -j8 -l8
[3.980s] Invoking command in '/home/mich/School/702ENPM/enpm702_fall2024/ros702_ws/build/first_package': CMAKE_PREFIX_PATH=${CMAKE_PREFIX_PATH}:/opt/ros/humble /usr/bin/cmake --install /home/mich/School/702ENPM/enpm702_fall2024/ros702_ws/build/first_package
[3.992s] -- Install configuration: ""
[3.992s] -- Installing: /home/mich/School/702ENPM/enpm702_fall2024/ros702_ws/install/first_package/lib/first_package/hello
[3.993s] -- Set runtime path of "/home/mich/School/702ENPM/enpm702_fall2024/ros702_ws/install/first_package/lib/first_package/hello" to ""
[3.993s] -- Up-to-date: /home/mich/School/702ENPM/enpm702_fall2024/ros702_ws/install/first_package/share/ament_index/resource_index/package_run_dependencies/first_package
[3.993s] -- Up-to-date: /home/mich/School/702ENPM/enpm702_fall2024/ros702_ws/install/first_package/share/ament_index/resource_index/parent_prefix_path/first_package
[3.993s] -- Up-to-date: /home/mich/School/702ENPM/enpm702_fall2024/ros702_ws/install/first_package/share/first_package/environment/ament_prefix_path.sh
[3.993s] -- Installing: /home/mich/School/702ENPM/enpm702_fall2024/ros702_ws/install/first_package/share/first_package/environment/ament_prefix_path.dsv
[3.997s] -- Up-to-date: /home/mich/School/702ENPM/enpm702_fall2024/ros702_ws/install/first_package/share/first_package/environment/path.sh
[4.000s] -- Installing: /home/mich/School/702ENPM/enpm702_fall2024/ros702_ws/install/first_package/share/first_package/environment/path.dsv
[4.000s] -- Up-to-date: /home/mich/School/702ENPM/enpm702_fall2024/ros702_ws/install/first_package/share/first_package/local_setup.bash
[4.000s] -- Up-to-date: /home/mich/School/702ENPM/enpm702_fall2024/ros702_ws/install/first_package/share/first_package/local_setup.sh
[4.001s] -- Up-to-date: /home/mich/School/702ENPM/enpm702_fall2024/ros702_ws/install/first_package/share/first_package/local_setup.zsh
[4.001s] -- Installing: /home/mich/School/702ENPM/enpm702_fall2024/ros702_ws/install/first_package/share/first_package/local_setup.dsv
[4.001s] -- Installing: /home/mich/School/702ENPM/enpm702_fall2024/ros702_ws/install/first_package/share/first_package/package.dsv
[4.001s] -- Up-to-date: /home/mich/School/702ENPM/enpm702_fall2024/ros702_ws/install/first_package/share/ament_index/resource_index/packages/first_package
[4.001s] -- Up-to-date: /home/mich/School/702ENPM/enpm702_fall2024/ros702_ws/install/first_package/share/first_package/cmake/first_packageConfig.cmake
[4.001s] -- Up-to-date: /home/mich/School/702ENPM/enpm702_fall2024/ros702_ws/install/first_package/share/first_package/cmake/first_packageConfig-version.cmake
[4.002s] -- Up-to-date: /home/mich/School/702ENPM/enpm702_fall2024/ros702_ws/install/first_package/share/first_package/package.xml
[4.002s] Invoked command in '/home/mich/School/702ENPM/enpm702_fall2024/ros702_ws/build/first_package' returned '0': CMAKE_PREFIX_PATH=${CMAKE_PREFIX_PATH}:/opt/ros/humble /usr/bin/cmake --install /home/mich/School/702ENPM/enpm702_fall2024/ros702_ws/build/first_package
