[0.118s] DEBUG:colcon:Command line arguments: ['/usr/bin/colcon', 'build']
[0.118s] DEBUG:colcon:Parsed command line arguments: Namespace(log_base=None, log_level=None, verb_name='build', build_base='build', install_base='install', merge_install=False, symlink_install=False, test_result_base=None, continue_on_error=False, executor='parallel', parallel_workers=8, event_handlers=None, ignore_user_meta=False, metas=['./colcon.meta'], base_paths=['.'], packages_ignore=None, packages_ignore_regex=None, paths=None, packages_up_to=None, packages_up_to_regex=None, packages_above=None, packages_above_and_dependencies=None, packages_above_depth=None, packages_select_by_dep=None, packages_skip_by_dep=None, packages_skip_up_to=None, packages_select_build_failed=False, packages_skip_build_finished=False, packages_select_test_failures=False, packages_skip_test_passed=False, packages_select=None, packages_skip=None, packages_select_regex=None, packages_skip_regex=None, packages_start=None, packages_end=None, allow_overriding=[], cmake_args=None, cmake_target=None, cmake_target_skip_unavailable=False, cmake_clean_cache=False, cmake_clean_first=False, cmake_force_configure=False, ament_cmake_args=None, catkin_cmake_args=None, catkin_skip_building_tests=False, mixin_files=None, mixin=None, verb_parser=<colcon_mixin.mixin.mixin_argument.MixinArgumentDecorator object at 0x7a84ebd82980>, verb_extension=<colcon_core.verb.build.BuildVerb object at 0x7a84ebd824a0>, main=<bound method BuildVerb.main of <colcon_core.verb.build.BuildVerb object at 0x7a84ebd824a0>>, mixin_verb=('build',))
[0.298s] Level 1:colcon.colcon_core.package_discovery:discover_packages(colcon_meta) check parameters
[0.299s] Level 1:colcon.colcon_core.package_discovery:discover_packages(recursive) check parameters
[0.299s] Level 1:colcon.colcon_core.package_discovery:discover_packages(ignore) check parameters
[0.299s] Level 1:colcon.colcon_core.package_discovery:discover_packages(path) check parameters
[0.299s] Level 1:colcon.colcon_core.package_discovery:discover_packages(colcon_meta) discover
[0.299s] Level 1:colcon.colcon_core.package_discovery:discover_packages(recursive) discover
[0.299s] INFO:colcon.colcon_core.package_discovery:Crawling recursively for packages in '/home/mich/School/702ENPM/enpm702_fall2024/ros702_ws'
[0.299s] Level 1:colcon.colcon_core.package_identification:_identify(.) by extensions ['ignore', 'ignore_ament_install']
[0.299s] Level 1:colcon.colcon_core.package_identification:_identify(.) by extension 'ignore'
[0.299s] Level 1:colcon.colcon_core.package_identification:_identify(.) by extension 'ignore_ament_install'
[0.299s] Level 1:colcon.colcon_core.package_identification:_identify(.) by extensions ['colcon_pkg']
[0.299s] Level 1:colcon.colcon_core.package_identification:_identify(.) by extension 'colcon_pkg'
[0.299s] Level 1:colcon.colcon_core.package_identification:_identify(.) by extensions ['colcon_meta']
[0.299s] Level 1:colcon.colcon_core.package_identification:_identify(.) by extension 'colcon_meta'
[0.299s] Level 1:colcon.colcon_core.package_identification:_identify(.) by extensions ['ros']
[0.299s] Level 1:colcon.colcon_core.package_identification:_identify(.) by extension 'ros'
[0.313s] Level 1:colcon.colcon_core.package_identification:_identify(.) by extensions ['cmake', 'python']
[0.313s] Level 1:colcon.colcon_core.package_identification:_identify(.) by extension 'cmake'
[0.313s] Level 1:colcon.colcon_core.package_identification:_identify(.) by extension 'python'
[0.313s] Level 1:colcon.colcon_core.package_identification:_identify(.) by extensions ['python_setup_py']
[0.314s] Level 1:colcon.colcon_core.package_identification:_identify(.) by extension 'python_setup_py'
[0.314s] Level 1:colcon.colcon_core.package_identification:_identify(build) by extensions ['ignore', 'ignore_ament_install']
[0.314s] Level 1:colcon.colcon_core.package_identification:_identify(build) by extension 'ignore'
[0.314s] Level 1:colcon.colcon_core.package_identification:_identify(build) ignored
[0.314s] Level 1:colcon.colcon_core.package_identification:_identify(install) by extensions ['ignore', 'ignore_ament_install']
[0.314s] Level 1:colcon.colcon_core.package_identification:_identify(install) by extension 'ignore'
[0.314s] Level 1:colcon.colcon_core.package_identification:_identify(install) ignored
[0.314s] Level 1:colcon.colcon_core.package_identification:_identify(log) by extensions ['ignore', 'ignore_ament_install']
[0.314s] Level 1:colcon.colcon_core.package_identification:_identify(log) by extension 'ignore'
[0.314s] Level 1:colcon.colcon_core.package_identification:_identify(log) ignored
[0.315s] Level 1:colcon.colcon_core.package_identification:_identify(src) by extensions ['ignore', 'ignore_ament_install']
[0.315s] Level 1:colcon.colcon_core.package_identification:_identify(src) by extension 'ignore'
[0.315s] Level 1:colcon.colcon_core.package_identification:_identify(src) by extension 'ignore_ament_install'
[0.315s] Level 1:colcon.colcon_core.package_identification:_identify(src) by extensions ['colcon_pkg']
[0.315s] Level 1:colcon.colcon_core.package_identification:_identify(src) by extension 'colcon_pkg'
[0.315s] Level 1:colcon.colcon_core.package_identification:_identify(src) by extensions ['colcon_meta']
[0.315s] Level 1:colcon.colcon_core.package_identification:_identify(src) by extension 'colcon_meta'
[0.315s] Level 1:colcon.colcon_core.package_identification:_identify(src) by extensions ['ros']
[0.315s] Level 1:colcon.colcon_core.package_identification:_identify(src) by extension 'ros'
[0.315s] Level 1:colcon.colcon_core.package_identification:_identify(src) by extensions ['cmake', 'python']
[0.315s] Level 1:colcon.colcon_core.package_identification:_identify(src) by extension 'cmake'
[0.315s] Level 1:colcon.colcon_core.package_identification:_identify(src) by extension 'python'
[0.315s] Level 1:colcon.colcon_core.package_identification:_identify(src) by extensions ['python_setup_py']
[0.315s] Level 1:colcon.colcon_core.package_identification:_identify(src) by extension 'python_setup_py'
[0.315s] Level 1:colcon.colcon_core.package_identification:_identify(src/first_package) by extensions ['ignore', 'ignore_ament_install']
[0.316s] Level 1:colcon.colcon_core.package_identification:_identify(src/first_package) by extension 'ignore'
[0.316s] Level 1:colcon.colcon_core.package_identification:_identify(src/first_package) by extension 'ignore_ament_install'
[0.316s] Level 1:colcon.colcon_core.package_identification:_identify(src/first_package) by extensions ['colcon_pkg']
[0.316s] Level 1:colcon.colcon_core.package_identification:_identify(src/first_package) by extension 'colcon_pkg'
[0.316s] Level 1:colcon.colcon_core.package_identification:_identify(src/first_package) by extensions ['colcon_meta']
[0.316s] Level 1:colcon.colcon_core.package_identification:_identify(src/first_package) by extension 'colcon_meta'
[0.316s] Level 1:colcon.colcon_core.package_identification:_identify(src/first_package) by extensions ['ros']
[0.316s] Level 1:colcon.colcon_core.package_identification:_identify(src/first_package) by extension 'ros'
[0.319s] DEBUG:colcon.colcon_core.package_identification:Package 'src/first_package' with type 'ros.ament_cmake' and name 'first_package'
[0.319s] Level 1:colcon.colcon_core.package_discovery:discover_packages(recursive) using defaults
[0.319s] Level 1:colcon.colcon_core.package_discovery:discover_packages(ignore) discover
[0.319s] Level 1:colcon.colcon_core.package_discovery:discover_packages(ignore) using defaults
[0.319s] Level 1:colcon.colcon_core.package_discovery:discover_packages(path) discover
[0.319s] Level 1:colcon.colcon_core.package_discovery:discover_packages(path) using defaults
[0.339s] Level 1:colcon.colcon_core.package_discovery:discover_packages(prefix_path) check parameters
[0.339s] Level 1:colcon.colcon_core.package_discovery:discover_packages(prefix_path) discover
[0.341s] DEBUG:colcon.colcon_installed_package_information.package_discovery:Found 1 installed packages in /home/mich/School/702ENPM/enpm702_fall2024/ros702_ws/install
[0.343s] DEBUG:colcon.colcon_installed_package_information.package_discovery:Found 400 installed packages in /opt/ros/humble
[0.355s] Level 1:colcon.colcon_core.package_discovery:discover_packages(prefix_path) using defaults
[0.420s] Level 5:colcon.colcon_core.verb:set package 'first_package' build argument 'cmake_args' from command line to 'None'
[0.420s] Level 5:colcon.colcon_core.verb:set package 'first_package' build argument 'cmake_target' from command line to 'None'
[0.420s] Level 5:colcon.colcon_core.verb:set package 'first_package' build argument 'cmake_target_skip_unavailable' from command line to 'False'
[0.420s] Level 5:colcon.colcon_core.verb:set package 'first_package' build argument 'cmake_clean_cache' from command line to 'False'
[0.420s] Level 5:colcon.colcon_core.verb:set package 'first_package' build argument 'cmake_clean_first' from command line to 'False'
[0.420s] Level 5:colcon.colcon_core.verb:set package 'first_package' build argument 'cmake_force_configure' from command line to 'False'
[0.420s] Level 5:colcon.colcon_core.verb:set package 'first_package' build argument 'ament_cmake_args' from command line to 'None'
[0.420s] Level 5:colcon.colcon_core.verb:set package 'first_package' build argument 'catkin_cmake_args' from command line to 'None'
[0.421s] Level 5:colcon.colcon_core.verb:set package 'first_package' build argument 'catkin_skip_building_tests' from command line to 'False'
[0.421s] DEBUG:colcon.colcon_core.verb:Building package 'first_package' with the following arguments: {'ament_cmake_args': None, 'build_base': '/home/mich/School/702ENPM/enpm702_fall2024/ros702_ws/build/first_package', 'catkin_cmake_args': None, 'catkin_skip_building_tests': False, 'cmake_args': None, 'cmake_clean_cache': False, 'cmake_clean_first': False, 'cmake_force_configure': False, 'cmake_target': None, 'cmake_target_skip_unavailable': False, 'install_base': '/home/mich/School/702ENPM/enpm702_fall2024/ros702_ws/install/first_package', 'merge_install': False, 'path': '/home/mich/School/702ENPM/enpm702_fall2024/ros702_ws/src/first_package', 'symlink_install': False, 'test_result_base': None}
[0.421s] INFO:colcon.colcon_core.executor:Executing jobs using 'parallel' executor
[0.422s] DEBUG:colcon.colcon_parallel_executor.executor.parallel:run_until_complete
[0.422s] INFO:colcon.colcon_ros.task.ament_cmake.build:Building ROS package in '/home/mich/School/702ENPM/enpm702_fall2024/ros702_ws/src/first_package' with build type 'ament_cmake'
[0.422s] INFO:colcon.colcon_cmake.task.cmake.build:Building CMake package in '/home/mich/School/702ENPM/enpm702_fall2024/ros702_ws/src/first_package'
[0.424s] INFO:colcon.colcon_core.plugin_system:Skipping extension 'colcon_core.shell.bat': Not used on non-Windows systems
[0.425s] INFO:colcon.colcon_core.shell:Skip shell extension 'powershell' for command environment: Not usable outside of PowerShell
[0.425s] DEBUG:colcon.colcon_core.shell:Skip shell extension 'dsv' for command environment
[0.434s] DEBUG:colcon.colcon_core.event_handler.log_command:Invoking command in '/home/mich/School/702ENPM/enpm702_fall2024/ros702_ws/build/first_package': CMAKE_PREFIX_PATH=${CMAKE_PREFIX_PATH}:/opt/ros/humble /usr/bin/cmake /home/mich/School/702ENPM/enpm702_fall2024/ros702_ws/src/first_package -DCMAKE_INSTALL_PREFIX=/home/mich/School/702ENPM/enpm702_fall2024/ros702_ws/install/first_package
[1.043s] DEBUG:colcon.colcon_core.event_handler.log_command:Invoked command in '/home/mich/School/702ENPM/enpm702_fall2024/ros702_ws/build/first_package' returned '0': CMAKE_PREFIX_PATH=${CMAKE_PREFIX_PATH}:/opt/ros/humble /usr/bin/cmake /home/mich/School/702ENPM/enpm702_fall2024/ros702_ws/src/first_package -DCMAKE_INSTALL_PREFIX=/home/mich/School/702ENPM/enpm702_fall2024/ros702_ws/install/first_package
[1.045s] DEBUG:colcon.colcon_core.event_handler.log_command:Invoking command in '/home/mich/School/702ENPM/enpm702_fall2024/ros702_ws/build/first_package': CMAKE_PREFIX_PATH=${CMAKE_PREFIX_PATH}:/opt/ros/humble /usr/bin/cmake --build /home/mich/School/702ENPM/enpm702_fall2024/ros702_ws/build/first_package -- -j8 -l8
[4.349s] DEBUG:colcon.colcon_core.event_handler.log_command:Invoked command in '/home/mich/School/702ENPM/enpm702_fall2024/ros702_ws/build/first_package' returned '0': CMAKE_PREFIX_PATH=${CMAKE_PREFIX_PATH}:/opt/ros/humble /usr/bin/cmake --build /home/mich/School/702ENPM/enpm702_fall2024/ros702_ws/build/first_package -- -j8 -l8
[4.390s] DEBUG:colcon.colcon_core.event_handler.log_command:Invoking command in '/home/mich/School/702ENPM/enpm702_fall2024/ros702_ws/build/first_package': CMAKE_PREFIX_PATH=${CMAKE_PREFIX_PATH}:/opt/ros/humble /usr/bin/cmake --install /home/mich/School/702ENPM/enpm702_fall2024/ros702_ws/build/first_package
[4.403s] Level 1:colcon.colcon_core.environment:create_environment_scripts_only(first_package)
[4.404s] DEBUG:colcon.colcon_core.event_handler.log_command:Invoked command in '/home/mich/School/702ENPM/enpm702_fall2024/ros702_ws/build/first_package' returned '0': CMAKE_PREFIX_PATH=${CMAKE_PREFIX_PATH}:/opt/ros/humble /usr/bin/cmake --install /home/mich/School/702ENPM/enpm702_fall2024/ros702_ws/build/first_package
[4.407s] Level 1:colcon.colcon_core.environment:checking '/home/mich/School/702ENPM/enpm702_fall2024/ros702_ws/install/first_package' for CMake module files
[4.408s] Level 1:colcon.colcon_core.environment:checking '/home/mich/School/702ENPM/enpm702_fall2024/ros702_ws/install/first_package' for CMake config files
[4.408s] Level 1:colcon.colcon_core.shell:create_environment_hook('first_package', 'cmake_prefix_path')
[4.408s] INFO:colcon.colcon_core.shell:Creating environment hook '/home/mich/School/702ENPM/enpm702_fall2024/ros702_ws/install/first_package/share/first_package/hook/cmake_prefix_path.ps1'
[4.409s] INFO:colcon.colcon_core.shell:Creating environment descriptor '/home/mich/School/702ENPM/enpm702_fall2024/ros702_ws/install/first_package/share/first_package/hook/cmake_prefix_path.dsv'
[4.409s] INFO:colcon.colcon_core.shell:Creating environment hook '/home/mich/School/702ENPM/enpm702_fall2024/ros702_ws/install/first_package/share/first_package/hook/cmake_prefix_path.sh'
[4.410s] Level 1:colcon.colcon_core.environment:checking '/home/mich/School/702ENPM/enpm702_fall2024/ros702_ws/install/first_package/lib'
[4.411s] Level 1:colcon.colcon_core.environment:checking '/home/mich/School/702ENPM/enpm702_fall2024/ros702_ws/install/first_package/bin'
[4.411s] Level 1:colcon.colcon_core.environment:checking '/home/mich/School/702ENPM/enpm702_fall2024/ros702_ws/install/first_package/lib/pkgconfig/first_package.pc'
[4.411s] Level 1:colcon.colcon_core.environment:checking '/home/mich/School/702ENPM/enpm702_fall2024/ros702_ws/install/first_package/lib/python3.10/site-packages'
[4.412s] Level 1:colcon.colcon_core.environment:checking '/home/mich/School/702ENPM/enpm702_fall2024/ros702_ws/install/first_package/bin'
[4.412s] INFO:colcon.colcon_core.shell:Creating package script '/home/mich/School/702ENPM/enpm702_fall2024/ros702_ws/install/first_package/share/first_package/package.ps1'
[4.414s] INFO:colcon.colcon_core.shell:Creating package descriptor '/home/mich/School/702ENPM/enpm702_fall2024/ros702_ws/install/first_package/share/first_package/package.dsv'
[4.414s] INFO:colcon.colcon_core.shell:Creating package script '/home/mich/School/702ENPM/enpm702_fall2024/ros702_ws/install/first_package/share/first_package/package.sh'
[4.415s] INFO:colcon.colcon_core.shell:Creating package script '/home/mich/School/702ENPM/enpm702_fall2024/ros702_ws/install/first_package/share/first_package/package.bash'
[4.416s] INFO:colcon.colcon_core.shell:Creating package script '/home/mich/School/702ENPM/enpm702_fall2024/ros702_ws/install/first_package/share/first_package/package.zsh'
[4.417s] Level 1:colcon.colcon_core.environment:create_file_with_runtime_dependencies(/home/mich/School/702ENPM/enpm702_fall2024/ros702_ws/install/first_package/share/colcon-core/packages/first_package)
[4.449s] Level 1:colcon.colcon_core.environment:create_environment_scripts_only(first_package)
[4.450s] Level 1:colcon.colcon_core.environment:checking '/home/mich/School/702ENPM/enpm702_fall2024/ros702_ws/install/first_package' for CMake module files
[4.451s] Level 1:colcon.colcon_core.environment:checking '/home/mich/School/702ENPM/enpm702_fall2024/ros702_ws/install/first_package' for CMake config files
[4.452s] Level 1:colcon.colcon_core.shell:create_environment_hook('first_package', 'cmake_prefix_path')
[4.452s] INFO:colcon.colcon_core.shell:Creating environment hook '/home/mich/School/702ENPM/enpm702_fall2024/ros702_ws/install/first_package/share/first_package/hook/cmake_prefix_path.ps1'
[4.453s] INFO:colcon.colcon_core.shell:Creating environment descriptor '/home/mich/School/702ENPM/enpm702_fall2024/ros702_ws/install/first_package/share/first_package/hook/cmake_prefix_path.dsv'
[4.454s] INFO:colcon.colcon_core.shell:Creating environment hook '/home/mich/School/702ENPM/enpm702_fall2024/ros702_ws/install/first_package/share/first_package/hook/cmake_prefix_path.sh'
[4.455s] Level 1:colcon.colcon_core.environment:checking '/home/mich/School/702ENPM/enpm702_fall2024/ros702_ws/install/first_package/lib'
[4.455s] Level 1:colcon.colcon_core.environment:checking '/home/mich/School/702ENPM/enpm702_fall2024/ros702_ws/install/first_package/bin'
[4.455s] Level 1:colcon.colcon_core.environment:checking '/home/mich/School/702ENPM/enpm702_fall2024/ros702_ws/install/first_package/lib/pkgconfig/first_package.pc'
[4.455s] Level 1:colcon.colcon_core.environment:checking '/home/mich/School/702ENPM/enpm702_fall2024/ros702_ws/install/first_package/lib/python3.10/site-packages'
[4.456s] Level 1:colcon.colcon_core.environment:checking '/home/mich/School/702ENPM/enpm702_fall2024/ros702_ws/install/first_package/bin'
[4.457s] INFO:colcon.colcon_core.shell:Creating package script '/home/mich/School/702ENPM/enpm702_fall2024/ros702_ws/install/first_package/share/first_package/package.ps1'
[4.458s] INFO:colcon.colcon_core.shell:Creating package descriptor '/home/mich/School/702ENPM/enpm702_fall2024/ros702_ws/install/first_package/share/first_package/package.dsv'
[4.459s] INFO:colcon.colcon_core.shell:Creating package script '/home/mich/School/702ENPM/enpm702_fall2024/ros702_ws/install/first_package/share/first_package/package.sh'
[4.460s] INFO:colcon.colcon_core.shell:Creating package script '/home/mich/School/702ENPM/enpm702_fall2024/ros702_ws/install/first_package/share/first_package/package.bash'
[4.461s] INFO:colcon.colcon_core.shell:Creating package script '/home/mich/School/702ENPM/enpm702_fall2024/ros702_ws/install/first_package/share/first_package/package.zsh'
[4.462s] Level 1:colcon.colcon_core.environment:create_file_with_runtime_dependencies(/home/mich/School/702ENPM/enpm702_fall2024/ros702_ws/install/first_package/share/colcon-core/packages/first_package)
[4.462s] DEBUG:colcon.colcon_parallel_executor.executor.parallel:closing loop
[4.463s] DEBUG:colcon.colcon_parallel_executor.executor.parallel:loop closed
[4.463s] DEBUG:colcon.colcon_parallel_executor.executor.parallel:run_until_complete finished with '0'
[4.463s] DEBUG:colcon.colcon_core.event_reactor:joining thread
[4.469s] INFO:colcon.colcon_core.plugin_system:Skipping extension 'colcon_notification.desktop_notification.notify_send': Could not find 'notify-send'
[4.470s] INFO:colcon.colcon_core.plugin_system:Skipping extension 'colcon_notification.desktop_notification.terminal_notifier': Not used on non-Darwin systems
[4.470s] INFO:colcon.colcon_core.plugin_system:Skipping extension 'colcon_notification.desktop_notification.win32': Not used on non-Windows systems
[4.470s] INFO:colcon.colcon_notification.desktop_notification:Sending desktop notification using 'notify2'
[4.482s] DEBUG:colcon.colcon_core.event_reactor:joined thread
[4.483s] INFO:colcon.colcon_core.shell:Creating prefix script '/home/mich/School/702ENPM/enpm702_fall2024/ros702_ws/install/local_setup.ps1'
[4.485s] INFO:colcon.colcon_core.shell:Creating prefix util module '/home/mich/School/702ENPM/enpm702_fall2024/ros702_ws/install/_local_setup_util_ps1.py'
[4.487s] INFO:colcon.colcon_core.shell:Creating prefix chain script '/home/mich/School/702ENPM/enpm702_fall2024/ros702_ws/install/setup.ps1'
[4.488s] INFO:colcon.colcon_core.shell:Creating prefix script '/home/mich/School/702ENPM/enpm702_fall2024/ros702_ws/install/local_setup.sh'
[4.489s] INFO:colcon.colcon_core.shell:Creating prefix util module '/home/mich/School/702ENPM/enpm702_fall2024/ros702_ws/install/_local_setup_util_sh.py'
[4.489s] INFO:colcon.colcon_core.shell:Creating prefix chain script '/home/mich/School/702ENPM/enpm702_fall2024/ros702_ws/install/setup.sh'
[4.491s] INFO:colcon.colcon_core.shell:Creating prefix script '/home/mich/School/702ENPM/enpm702_fall2024/ros702_ws/install/local_setup.bash'
[4.491s] INFO:colcon.colcon_core.shell:Creating prefix chain script '/home/mich/School/702ENPM/enpm702_fall2024/ros702_ws/install/setup.bash'
[4.493s] INFO:colcon.colcon_core.shell:Creating prefix script '/home/mich/School/702ENPM/enpm702_fall2024/ros702_ws/install/local_setup.zsh'
[4.494s] INFO:colcon.colcon_core.shell:Creating prefix chain script '/home/mich/School/702ENPM/enpm702_fall2024/ros702_ws/install/setup.zsh'
