[0.012s] Invoking command in '/home/mich/School/702ENPM/enpm702_fall2024/ros702_ws/build/first_package': CMAKE_PREFIX_PATH=${CMAKE_PREFIX_PATH}:/opt/ros/humble /usr/bin/cmake /home/mich/School/702ENPM/enpm702_fall2024/ros702_ws/src/first_package -DCMAKE_INSTALL_PREFIX=/home/mich/School/702ENPM/enpm702_fall2024/ros702_ws/install/first_package
[0.070s] -- The C compiler identification is GNU 11.4.0
[0.133s] -- The CXX compiler identification is GNU 11.4.0
[0.141s] -- Detecting C compiler ABI info
[0.214s] -- Detecting C compiler ABI info - done
[0.223s] -- Check for working C compiler: /usr/bin/cc - skipped
[0.223s] -- Detecting C compile features
[0.223s] -- Detecting C compile features - done
[0.227s] -- Detecting CXX compiler ABI info
[0.315s] -- Detecting CXX compiler ABI info - done
[0.334s] -- Check for working CXX compiler: /usr/bin/c++ - skipped
[0.334s] -- Detecting CXX compile features
[0.335s] -- Detecting CXX compile features - done
[0.339s] -- Found ament_cmake: 1.3.10 (/opt/ros/humble/share/ament_cmake/cmake)
[0.508s] -- Found Python3: /usr/bin/python3 (found version "3.10.12") found components: Interpreter 
[0.607s] -- Found rclcpp: 16.0.10 (/opt/ros/humble/share/rclcpp/cmake)
[0.659s] -- Found rosidl_generator_c: 3.1.5 (/opt/ros/humble/share/rosidl_generator_c/cmake)
[0.664s] -- Found rosidl_adapter: 3.1.5 (/opt/ros/humble/share/rosidl_adapter/cmake)
[0.673s] -- Found rosidl_generator_cpp: 3.1.5 (/opt/ros/humble/share/rosidl_generator_cpp/cmake)
[0.686s] -- Using all available rosidl_typesupport_c: rosidl_typesupport_fastrtps_c;rosidl_typesupport_introspection_c
[0.704s] -- Using all available rosidl_typesupport_cpp: rosidl_typesupport_fastrtps_cpp;rosidl_typesupport_introspection_cpp
[0.756s] -- Found rmw_implementation_cmake: 6.1.2 (/opt/ros/humble/share/rmw_implementation_cmake/cmake)
[0.759s] -- Found rmw_fastrtps_cpp: 6.2.7 (/opt/ros/humble/share/rmw_fastrtps_cpp/cmake)
[0.867s] -- Found OpenSSL: /usr/lib/x86_64-linux-gnu/libcrypto.so (found version "3.0.2")  
[0.915s] -- Found FastRTPS: /opt/ros/humble/include  
[0.994s] -- Using RMW implementation 'rmw_fastrtps_cpp' as default
[1.004s] -- Looking for pthread.h
[1.083s] -- Looking for pthread.h - found
[1.084s] -- Performing Test CMAKE_HAVE_LIBC_PTHREAD
[1.163s] -- Performing Test CMAKE_HAVE_LIBC_PTHREAD - Success
[1.164s] -- Found Threads: TRUE  
[1.223s] [31mCMake Error at CMakeLists.txt:12 (install):
[1.223s]   install TARGETS given target "hello" which does not exist.
[1.223s] 
[1.224s] [0m
[1.291s] -- Configuring incomplete, errors occurred!
[1.291s] See also "/home/mich/School/702ENPM/enpm702_fall2024/ros702_ws/build/first_package/CMakeFiles/CMakeOutput.log".
[1.300s] Invoked command in '/home/mich/School/702ENPM/enpm702_fall2024/ros702_ws/build/first_package' returned '1': CMAKE_PREFIX_PATH=${CMAKE_PREFIX_PATH}:/opt/ros/humble /usr/bin/cmake /home/mich/School/702ENPM/enpm702_fall2024/ros702_ws/src/first_package -DCMAKE_INSTALL_PREFIX=/home/mich/School/702ENPM/enpm702_fall2024/ros702_ws/install/first_package
