[0.012s] Invoking command in '/home/mich/School/702ENPM/enpm702_fall2024/ros702_ws/build/first_package': CMAKE_PREFIX_PATH=${CMAKE_PREFIX_PATH}:/opt/ros/humble /usr/bin/cmake /home/mich/School/702ENPM/enpm702_fall2024/ros702_ws/src/first_package -DCMAKE_INSTALL_PREFIX=/home/mich/School/702ENPM/enpm702_fall2024/ros702_ws/install/first_package
[0.028s] -- Found ament_cmake: 1.3.10 (/opt/ros/humble/share/ament_cmake/cmake)
[0.163s] -- Found rclcpp: 16.0.10 (/opt/ros/humble/share/rclcpp/cmake)
[0.200s] -- Found rosidl_generator_c: 3.1.5 (/opt/ros/humble/share/rosidl_generator_c/cmake)
[0.203s] -- Found rosidl_adapter: 3.1.5 (/opt/ros/humble/share/rosidl_adapter/cmake)
[0.212s] -- Found rosidl_generator_cpp: 3.1.5 (/opt/ros/humble/share/rosidl_generator_cpp/cmake)
[0.223s] -- Using all available rosidl_typesupport_c: rosidl_typesupport_fastrtps_c;rosidl_typesupport_introspection_c
[0.238s] -- Using all available rosidl_typesupport_cpp: rosidl_typesupport_fastrtps_cpp;rosidl_typesupport_introspection_cpp
[0.275s] -- Found rmw_implementation_cmake: 6.1.2 (/opt/ros/humble/share/rmw_implementation_cmake/cmake)
[0.278s] -- Found rmw_fastrtps_cpp: 6.2.7 (/opt/ros/humble/share/rmw_fastrtps_cpp/cmake)
[0.463s] -- Using RMW implementation 'rmw_fastrtps_cpp' as default
[0.598s] -- Configuring done
[0.611s] -- Generating done
[0.612s] -- Build files have been written to: /home/mich/School/702ENPM/enpm702_fall2024/ros702_ws/build/first_package
[0.620s] Invoked command in '/home/mich/School/702ENPM/enpm702_fall2024/ros702_ws/build/first_package' returned '0': CMAKE_PREFIX_PATH=${CMAKE_PREFIX_PATH}:/opt/ros/humble /usr/bin/cmake /home/mich/School/702ENPM/enpm702_fall2024/ros702_ws/src/first_package -DCMAKE_INSTALL_PREFIX=/home/mich/School/702ENPM/enpm702_fall2024/ros702_ws/install/first_package
[0.623s] Invoking command in '/home/mich/School/702ENPM/enpm702_fall2024/ros702_ws/build/first_package': CMAKE_PREFIX_PATH=${CMAKE_PREFIX_PATH}:/opt/ros/humble /usr/bin/cmake --build /home/mich/School/702ENPM/enpm702_fall2024/ros702_ws/build/first_package -- -j8 -l8
[0.686s] [ 50%] [32mBuilding CXX object CMakeFiles/hello.dir/src/main.cpp.o[0m
[3.784s] [100%] [32m[1mLinking CXX executable hello[0m
[3.913s] [100%] Built target hello
[3.927s] Invoked command in '/home/mich/School/702ENPM/enpm702_fall2024/ros702_ws/build/first_package' returned '0': CMAKE_PREFIX_PATH=${CMAKE_PREFIX_PATH}:/opt/ros/humble /usr/bin/cmake --build /home/mich/School/702ENPM/enpm702_fall2024/ros702_ws/build/first_package -- -j8 -l8
[3.968s] Invoking command in '/home/mich/School/702ENPM/enpm702_fall2024/ros702_ws/build/first_package': CMAKE_PREFIX_PATH=${CMAKE_PREFIX_PATH}:/opt/ros/humble /usr/bin/cmake --install /home/mich/School/702ENPM/enpm702_fall2024/ros702_ws/build/first_package
[3.976s] -- Install configuration: ""
[3.976s] -- Installing: /home/mich/School/702ENPM/enpm702_fall2024/ros702_ws/install/first_package/lib/first_package/hello
[3.976s] -- Set runtime path of "/home/mich/School/702ENPM/enpm702_fall2024/ros702_ws/install/first_package/lib/first_package/hello" to ""
[3.977s] -- Installing: /home/mich/School/702ENPM/enpm702_fall2024/ros702_ws/install/first_package/share/ament_index/resource_index/package_run_dependencies/first_package
[3.977s] -- Installing: /home/mich/School/702ENPM/enpm702_fall2024/ros702_ws/install/first_package/share/ament_index/resource_index/parent_prefix_path/first_package
[3.977s] -- Installing: /home/mich/School/702ENPM/enpm702_fall2024/ros702_ws/install/first_package/share/first_package/environment/ament_prefix_path.sh
[3.977s] -- Installing: /home/mich/School/702ENPM/enpm702_fall2024/ros702_ws/install/first_package/share/first_package/environment/ament_prefix_path.dsv
[3.977s] -- Installing: /home/mich/School/702ENPM/enpm702_fall2024/ros702_ws/install/first_package/share/first_package/environment/path.sh
[3.978s] -- Installing: /home/mich/School/702ENPM/enpm702_fall2024/ros702_ws/install/first_package/share/first_package/environment/path.dsv
[3.978s] -- Installing: /home/mich/School/702ENPM/enpm702_fall2024/ros702_ws/install/first_package/share/first_package/local_setup.bash
[3.978s] -- Installing: /home/mich/School/702ENPM/enpm702_fall2024/ros702_ws/install/first_package/share/first_package/local_setup.sh
[3.978s] -- Installing: /home/mich/School/702ENPM/enpm702_fall2024/ros702_ws/install/first_package/share/first_package/local_setup.zsh
[3.978s] -- Installing: /home/mich/School/702ENPM/enpm702_fall2024/ros702_ws/install/first_package/share/first_package/local_setup.dsv
[3.979s] -- Installing: /home/mich/School/702ENPM/enpm702_fall2024/ros702_ws/install/first_package/share/first_package/package.dsv
[3.979s] -- Installing: /home/mich/School/702ENPM/enpm702_fall2024/ros702_ws/install/first_package/share/ament_index/resource_index/packages/first_package
[3.979s] -- Installing: /home/mich/School/702ENPM/enpm702_fall2024/ros702_ws/install/first_package/share/first_package/cmake/first_packageConfig.cmake
[3.979s] -- Installing: /home/mich/School/702ENPM/enpm702_fall2024/ros702_ws/install/first_package/share/first_package/cmake/first_packageConfig-version.cmake
[3.979s] -- Installing: /home/mich/School/702ENPM/enpm702_fall2024/ros702_ws/install/first_package/share/first_package/package.xml
[3.982s] Invoked command in '/home/mich/School/702ENPM/enpm702_fall2024/ros702_ws/build/first_package' returned '0': CMAKE_PREFIX_PATH=${CMAKE_PREFIX_PATH}:/opt/ros/humble /usr/bin/cmake --install /home/mich/School/702ENPM/enpm702_fall2024/ros702_ws/build/first_package
